/*C1*/SET SCHEMA PUBLIC
CONNECT USER SA
DISCONNECT
/*C2*/SET SCHEMA PUBLIC
CONNECT USER SA
DISCONNECT
/*C3*/SET SCHEMA PUBLIC
CONNECT USER SA
/*C4*/SET SCHEMA PUBLIC
CONNECT USER SA
/*C5*/SET SCHEMA PUBLIC
CONNECT USER SA
/*C6*/SET SCHEMA PUBLIC
CONNECT USER SA
/*C7*/SET SCHEMA PUBLIC
CONNECT USER SA
/*C8*/SET SCHEMA PUBLIC
CONNECT USER SA
/*C9*/SET SCHEMA PUBLIC
CONNECT USER SA
/*C10*/SET SCHEMA PUBLIC
CONNECT USER SA
/*C11*/SET SCHEMA PUBLIC
CONNECT USER SA
/*C12*/SET SCHEMA PUBLIC
CONNECT USER SA
SET LOGSIZE 2
SET AUTOCOMMIT FALSE
/*C11*/SET AUTOCOMMIT FALSE
SET AUTOCOMMIT TRUE
/*C12*/SET AUTOCOMMIT TRUE
/*C13*/SET SCHEMA PUBLIC
CONNECT USER SA
DISCONNECT
/*C14*/SET SCHEMA PUBLIC
CONNECT USER SA
SET AUTOCOMMIT FALSE
SET AUTOCOMMIT TRUE
SET AUTOCOMMIT FALSE
SET AUTOCOMMIT TRUE
SET AUTOCOMMIT FALSE
/*C15*/SET SCHEMA PUBLIC
CONNECT USER SA
SET AUTOCOMMIT FALSE
/*C14*/SET AUTOCOMMIT TRUE
/*C15*/SET AUTOCOMMIT TRUE
/*C12*/SET AUTOCOMMIT FALSE
/*C11*/SET AUTOCOMMIT FALSE
DELETE FROM FR_T_PLATFORMMANAGEMODULE WHERE ID=1
DELETE FROM FR_T_PLATFORMMANAGEMODULE WHERE ID=2
DELETE FROM FR_T_PLATFORMMANAGEMODULE WHERE ID=3
DELETE FROM FR_T_PLATFORMMANAGEMODULE WHERE ID=5
DELETE FROM FR_T_PLATFORMMANAGEMODULE WHERE ID=8
DELETE FROM FR_T_PLATFORMMANAGEMODULE WHERE ID=9
DELETE FROM FR_T_PLATFORMMANAGEMODULE WHERE ID=14
DELETE FROM FR_T_PLATFORMMANAGEMODULE WHERE ID=16
DELETE FROM FR_T_PLATFORMMANAGEMODULE WHERE ID=17
DELETE FROM FR_T_PLATFORMMANAGEMODULE WHERE ID=18
DELETE FROM FR_T_PLATFORMMANAGEMODULE WHERE ID=19
INSERT INTO FR_T_PLATFORMMANAGEMODULE VALUES(1,-1,'FS-Module-Platform_Manager','',0)
INSERT INTO FR_T_PLATFORMMANAGEMODULE VALUES(2,1,'FS-Module-Report_Manager','',1)
INSERT INTO FR_T_PLATFORMMANAGEMODULE VALUES(3,1,'FS-Module-User_Manager','',2)
INSERT INTO FR_T_PLATFORMMANAGEMODULE VALUES(18,1,'FS-Module-Privilege_Manager','',3)
INSERT INTO FR_T_PLATFORMMANAGEMODULE VALUES(5,1,'FS-Module-Server_Setting','',5)
INSERT INTO FR_T_PLATFORMMANAGEMODULE VALUES(14,1,'FS-Module-Look_And_Feel','',6)
INSERT INTO FR_T_PLATFORMMANAGEMODULE VALUES(8,1,'FS-Module-Simple_Register','',7)
INSERT INTO FR_T_PLATFORMMANAGEMODULE VALUES(16,1,'FS-Module-Simple_Scheduler','',4)
INSERT INTO FR_T_PLATFORMMANAGEMODULE VALUES(17,1,'FS-Mobile-Mobile_Dev_Binding','',8)
INSERT INTO FR_T_PLATFORMMANAGEMODULE VALUES(19,1,'FS-Module-Plugin_Operate','',9)
INSERT INTO FR_T_PLATFORMMANAGEMODULE VALUES(9,1,'FS-Module-System_Monitor','',10)
COMMIT
SET AUTOCOMMIT TRUE
SET AUTOCOMMIT FALSE
SET AUTOCOMMIT TRUE
/*C12*/SET AUTOCOMMIT TRUE
/*C11*/DISCONNECT
/*C10*/DISCONNECT
/*C9*/DISCONNECT
/*C8*/DISCONNECT
/*C7*/SET AUTOCOMMIT FALSE
SET AUTOCOMMIT TRUE
/*C6*/SET AUTOCOMMIT FALSE
SET AUTOCOMMIT TRUE
/*C7*/SET AUTOCOMMIT FALSE
SET AUTOCOMMIT TRUE
SET AUTOCOMMIT FALSE
SET AUTOCOMMIT TRUE
SET AUTOCOMMIT FALSE
SET AUTOCOMMIT TRUE
DISCONNECT
/*C6*/DISCONNECT
/*C5*/DISCONNECT
/*C4*/DISCONNECT
/*C16*/SET SCHEMA PUBLIC
CONNECT USER SA
/*C3*/DISCONNECT
/*C17*/SET SCHEMA PUBLIC
CONNECT USER SA
/*C16*/DISCONNECT
/*C18*/SET SCHEMA PUBLIC
CONNECT USER SA
/*C17*/DISCONNECT
/*C19*/SET SCHEMA PUBLIC
CONNECT USER SA
/*C18*/DISCONNECT
/*C20*/SET SCHEMA PUBLIC
CONNECT USER SA
/*C19*/DISCONNECT
/*C21*/SET SCHEMA PUBLIC
CONNECT USER SA
/*C20*/DISCONNECT
/*C22*/SET SCHEMA PUBLIC
CONNECT USER SA
/*C21*/DISCONNECT
/*C23*/SET SCHEMA PUBLIC
CONNECT USER SA
