/*C1*/SET SCHEMA PUBLIC
CONNECT USER SA
DISCONNECT
/*C2*/SET SCHEMA PUBLIC
CONNECT USER SA
DISCONNECT
/*C3*/SET SCHEMA PUBLIC
CONNECT USER SA
/*C4*/SET SCHEMA PUBLIC
CONNECT USER SA
/*C5*/SET SCHEMA PUBLIC
CONNECT USER SA
/*C6*/SET SCHEMA PUBLIC
CONNECT USER SA
/*C7*/SET SCHEMA PUBLIC
CONNECT USER SA
/*C8*/SET SCHEMA PUBLIC
CONNECT USER SA
/*C9*/SET SCHEMA PUBLIC
CONNECT USER SA
/*C10*/SET SCHEMA PUBLIC
CONNECT USER SA
/*C11*/SET SCHEMA PUBLIC
CONNECT USER SA
/*C12*/SET SCHEMA PUBLIC
CONNECT USER SA
SET LOGSIZE 5
SET AUTOCOMMIT FALSE
/*C11*/SET AUTOCOMMIT FALSE
SET AUTOCOMMIT TRUE
/*C12*/SET AUTOCOMMIT TRUE
INSERT INTO FR_ERRRECORD VALUES(507,'\u975e\u6a21\u677f\u89e6\u53d1\u9519\u8bef',NULL,6,'Error to load:com.fr.plugin.chart.map.server.service.MapEditorOpenEntryService',NULL,'2017-10-18 11:19:27.888000000')
INSERT INTO FR_ERRRECORD VALUES(508,'\u975e\u6a21\u677f\u89e6\u53d1\u9519\u8bef',NULL,6,'Error to load:com.fr.plugin.chart.map.server.service.MapEditorEntryService',NULL,'2017-10-18 11:19:27.898000000')
INSERT INTO FR_ERRRECORD VALUES(509,'\u975e\u6a21\u677f\u89e6\u53d1\u9519\u8bef',NULL,6,'Error to load:com.fr.plugin.chart.map.server.service.MapGetJsonService',NULL,'2017-10-18 11:19:27.900000000')
INSERT INTO FR_ERRRECORD VALUES(510,'\u975e\u6a21\u677f\u89e6\u53d1\u9519\u8bef',NULL,6,'Error to load:com.fr.plugin.chart.phantom.PhantomConfigManager',NULL,'2017-10-18 11:19:27.902000000')
INSERT INTO FR_ERRRECORD VALUES(511,'\u975e\u6a21\u677f\u89e6\u53d1\u9519\u8bef',NULL,6,'Error to load:com.fr.plugin.chart.map.server.MapLayerConfigManager',NULL,'2017-10-18 11:19:27.904000000')
INSERT INTO FR_ERRRECORD VALUES(512,'\u975e\u6a21\u677f\u89e6\u53d1\u9519\u8bef',NULL,6,'class not found:com.fr.plugin.chart.funnel.FunnelIndependentVanChart',NULL,'2017-10-18 11:19:28.944000000')
INSERT INTO FR_ERRRECORD VALUES(513,'\u975e\u6a21\u677f\u89e6\u53d1\u9519\u8bef',NULL,6,'class not found:com.fr.plugin.chart.heatmap.HeatMapIndependentVanChart',NULL,'2017-10-18 11:19:28.949000000')
INSERT INTO FR_ERRRECORD VALUES(514,'\u975e\u6a21\u677f\u89e6\u53d1\u9519\u8bef',NULL,6,'class not found:com.fr.plugin.chart.wordcloud.WordCloudIndependentVanChart',NULL,'2017-10-18 11:19:28.954000000')
INSERT INTO FR_ERRRECORD VALUES(515,'\u975e\u6a21\u677f\u89e6\u53d1\u9519\u8bef',NULL,6,'class not found:com.fr.plugin.chart.gantt.GanttIndependentVanChart',NULL,'2017-10-18 11:19:28.957000000')
INSERT INTO FR_ERRRECORD VALUES(516,'\u975e\u6a21\u677f\u89e6\u53d1\u9519\u8bef',NULL,6,'class not found:com.fr.plugin.chart.structure.StructureIndependentVanChart',NULL,'2017-10-18 11:19:28.959000000')
INSERT INTO FR_ERRRECORD VALUES(517,'\u975e\u6a21\u677f\u89e6\u53d1\u9519\u8bef',NULL,6,'Jar\u5305\u8fc7\u65e7,\u63d2\u4ef6\u5b89\u88c5\u5931\u8d25:\u56fe\u8868(\u65b0\u7279\u6027)',NULL,'2017-10-18 11:19:28.965000000')
INSERT INTO FR_ERRRECORD VALUES(518,'\u975e\u6a21\u677f\u89e6\u53d1\u9519\u8bef',NULL,6,'Jar\u5305\u8fc7\u65e7,\u63d2\u4ef6\u5b89\u88c5\u5931\u8d25:\u62a5\u8868\u81ea\u9002\u5e94\u63d2\u4ef6',NULL,'2017-10-18 11:19:28.969000000')
INSERT INTO FR_ERRRECORD VALUES(519,'\u975e\u6a21\u677f\u89e6\u53d1\u9519\u8bef',NULL,6,'Error to load:com.fr.plugin.chart.map.server.service.MapEditorOpenEntryService',NULL,'2017-10-18 11:19:29.321000000')
INSERT INTO FR_ERRRECORD VALUES(520,'\u975e\u6a21\u677f\u89e6\u53d1\u9519\u8bef',NULL,6,'Error to load:com.fr.plugin.chart.map.server.service.MapEditorEntryService',NULL,'2017-10-18 11:19:29.324000000')
INSERT INTO FR_ERRRECORD VALUES(521,'\u975e\u6a21\u677f\u89e6\u53d1\u9519\u8bef',NULL,6,'Error to load:com.fr.plugin.chart.map.server.service.MapGetJsonService',NULL,'2017-10-18 11:19:29.327000000')
INSERT INTO FR_ERRRECORD VALUES(522,'\u975e\u6a21\u677f\u89e6\u53d1\u9519\u8bef',NULL,6,'Error to load:com.fr.plugin.chart.phantom.PhantomConfigManager',NULL,'2017-10-18 11:19:29.332000000')
INSERT INTO FR_ERRRECORD VALUES(523,'\u975e\u6a21\u677f\u89e6\u53d1\u9519\u8bef',NULL,6,'Error to load:com.fr.plugin.chart.map.server.MapLayerConfigManager',NULL,'2017-10-18 11:19:29.334000000')
INSERT INTO FR_ERRRECORD VALUES(524,'\u975e\u6a21\u677f\u89e6\u53d1\u9519\u8bef',NULL,6,'class not found:com.fr.plugin.chart.funnel.FunnelIndependentVanChart',NULL,'2017-10-18 11:19:29.336000000')
INSERT INTO FR_ERRRECORD VALUES(525,'\u975e\u6a21\u677f\u89e6\u53d1\u9519\u8bef',NULL,6,'class not found:com.fr.plugin.chart.heatmap.HeatMapIndependentVanChart',NULL,'2017-10-18 11:19:29.337000000')
INSERT INTO FR_ERRRECORD VALUES(526,'\u975e\u6a21\u677f\u89e6\u53d1\u9519\u8bef',NULL,6,'class not found:com.fr.plugin.chart.wordcloud.WordCloudIndependentVanChart',NULL,'2017-10-18 11:19:29.339000000')
INSERT INTO FR_ERRRECORD VALUES(527,'\u975e\u6a21\u677f\u89e6\u53d1\u9519\u8bef',NULL,6,'class not found:com.fr.plugin.chart.gantt.GanttIndependentVanChart',NULL,'2017-10-18 11:19:29.343000000')
INSERT INTO FR_ERRRECORD VALUES(528,'\u975e\u6a21\u677f\u89e6\u53d1\u9519\u8bef',NULL,6,'class not found:com.fr.plugin.chart.structure.StructureIndependentVanChart',NULL,'2017-10-18 11:19:29.344000000')
INSERT INTO FR_ERRRECORD VALUES(529,'\u975e\u6a21\u677f\u89e6\u53d1\u9519\u8bef',NULL,6,'Jar\u5305\u8fc7\u65e7,\u63d2\u4ef6\u5b89\u88c5\u5931\u8d25:\u56fe\u8868(\u65b0\u7279\u6027)',NULL,'2017-10-18 11:19:29.346000000')
INSERT INTO FR_ERRRECORD VALUES(530,'\u975e\u6a21\u677f\u89e6\u53d1\u9519\u8bef',NULL,6,'Jar\u5305\u8fc7\u65e7,\u63d2\u4ef6\u5b89\u88c5\u5931\u8d25:\u62a5\u8868\u81ea\u9002\u5e94\u63d2\u4ef6',NULL,'2017-10-18 11:19:29.351000000')
INSERT INTO FR_ERRRECORD VALUES(531,'\u975e\u6a21\u677f\u89e6\u53d1\u9519\u8bef',NULL,6,'com.fr.bi.BIPlate','java.lang.ClassNotFoundException: com.fr.bi.BIPlate\u000d\u000a\u0009at java.net.URLClassLoader.findClass(URLClassLoader.java:381)\u000d\u000a\u0009at java.lang.ClassLoader.loadClass(ClassLoader.java:424)\u000d\u000a\u0009at java.lang.ClassLoader.loadClass(ClassLoader.java:357)\u000d\u000a\u0009at java.lang.Class.forName0(Native Method)\u000d\u000a\u0009at java.lang.Class.forName(Class.java:348)\u000d\u000a\u0009at com.fr.general.GeneralUtils.classForName(Unknown Source)\u000d\u000a\u0009at com.fr.fs.PlateFactory.startPlate(Unknown Source)\u000d\u000a\u0009at com.fr.fs.FSModule.startPlate(Unknown Source)\u000d\u000a\u0009at com.fr.fs.FSModule.init(Unknown Source)\u000d\u000a\u0009at com.fr.fs.FSModule.startFinish(Unknown Source)\u000d\u000a\u0009at com.fr.report.module.EngineModule.start(Unknown Source)\u000d\u000a\u0009at com.fr.general.ModuleContext.startModule(Unknown Source)\u000d\u000a\u0009at com.fr.web.BaseServlet.init(Unknown Source)\u000d\u000a\u0009at com.fr.web.ReportServlet.init(Unknown Source)\u000d\u000a\u0009at org.apache.catalina.core.StandardWrapper.initServlet(StandardWrapper.java:1183)\u000d\u000a\u0009at org.apache.catalina.core.StandardWrapper.allocate(StandardWrapper.java:795)\u000d\u000a\u0009at org.apache.catalina.core.StandardWrapperValve.invoke(StandardWrapperValve.java:133)\u000d\u000a\u0009at org.apache.catalina.core.StandardContextValve.invoke(StandardContextValve.java:96)\u000d\u000a\u0009at org.apache.catalina.authenticator.AuthenticatorBase.invoke(AuthenticatorBase.java:478)\u000d\u000a\u0009at org.apache.catalina.core.StandardHostValve.invoke(StandardHostValve.java:140)\u000d\u000a\u0009at org.apache.catalina.valves.ErrorReportValve.invoke(ErrorReportValve.java:80)\u000d\u000a\u0009at org.apache.catalina.core.StandardEngineValve.invoke(StandardEngineValve.java:87)\u000d\u000a\u0009at org.apache.catalina.connector.CoyoteAdapter.service(CoyoteAdapter.java:342)\u000d\u000a\u0009at org.apache.coyote.http11.Http11Processor.service(Http11Processor.java:799)\u000d\u000a\u0009at org.apache.coyote.AbstractProcessorLight.process(AbstractProcessorLight.java:66)\u000d\u000a\u0009at org.apache.coyote.AbstractProtocol$ConnectionHandler.process(AbstractProtocol.java:868)\u000d\u000a\u0009at org.apache.tomcat.util.net.NioEndpoint$SocketProcessor.doRun(NioEndpoint.java:1457)\u000d\u000a\u0009at org.apache.tomcat.util.net.SocketProcessorBase.run(SocketProcessorBase.java:49)\u000d\u000a\u0009at java.util.concurrent.ThreadPoolExecutor.runWorker(ThreadPoolExecutor.java:1142)\u000d\u000a\u0009at java.util.concurrent.ThreadPoolExecutor$Worker.run(ThreadPoolExecutor.java:617)\u000d\u000a\u0009at org.apache.tomcat.util.threads.TaskThread$WrappingRunnable.run(TaskThread.java:61)\u000d\u000a\u0009at java.lang.Thread.run(Thread.java:745)\u000d\u000a','2017-10-18 11:19:29.799000000')
